
========================[ Dec 5, 2016 11:13 AM ]========================
Version 2.2.24 [Aug-08-2010]
Started database file "/usr/local/web/packages2//tmp/lacI.TEMP_DB"
Formatted 89 sequences in volume 0
SUCCESS: formatted database /usr/local/web/packages2//tmp/lacI.TEMP_DB

========================[ Dec 5, 2016 11:13 AM ]========================
Version 2.2.24 [Aug-08-2010]
Started database file "/usr/local/web/packages2//tmp/lacI.TEMP_DB"
Formatted 84 sequences in volume 0
SUCCESS: formatted database /usr/local/web/packages2//tmp/lacI.TEMP_DB

========================[ Dec 5, 2016 11:13 AM ]========================
Version 2.2.24 [Aug-08-2010]
Started database file "/usr/local/web/packages2//tmp/lacI.TEMP_DB"
Formatted 79 sequences in volume 0
SUCCESS: formatted database /usr/local/web/packages2//tmp/lacI.TEMP_DB

========================[ Dec 5, 2016 11:13 AM ]========================
Version 2.2.24 [Aug-08-2010]
Started database file "/usr/local/web/packages2//tmp/lacI.TEMP_DB"
Formatted 74 sequences in volume 0
SUCCESS: formatted database /usr/local/web/packages2//tmp/lacI.TEMP_DB
